<?xml version="1.0" encoding="UTF-8"?>
<!-- Generated by org.testng.reporters.JUnitXMLReporter -->
<testsuite hostname="Sai" ignored="0" name="BankingApp Test3" tests="1" failures="0" timestamp="2023-03-15T10:58:57 IST" time="0.027" errors="0">
  <testcase name="@BeforeClass setup" time="-1.678858137443E9" classname="com.interbanking.testCases.BaseClass">
    <failure type="org.testng.TestNGException" message="
Parameter &amp;apos;browserName&amp;apos; is required by BeforeClass on method setup but has not been marked @Optional or defined
in R:\JAVA\Workspace\InerBanking2\TestNg.xml">
      <![CDATA[org.testng.TestNGException: 
Parameter 'browserName' is required by BeforeClass on method setup but has not been marked @Optional or defined
in R:\JAVA\Workspace\InerBanking2\TestNg.xml
at java.util.ArrayList.forEach(ArrayList.java:1259)
... Removed 22 stack frames]]>
    </failure>
  </testcase> <!-- @BeforeClass setup -->
  <testcase name="@AfterClass tearDown" time="-1.678858137465E9" classname="com.interbanking.testCases.BaseClass">
    <skipped/>
  </testcase> <!-- @AfterClass tearDown -->
  <testcase name="loginTest" time="0.0" classname="com.interbanking.testCases.TC_LoginTest_001">
    <skipped/>
  </testcase> <!-- loginTest -->
</testsuite> <!-- BankingApp Test3 -->
